    214    146      1     1.0000     0.4868     0.5000  5.1298000000013833E+00  8.2436321816708724E-01  1.1959109087885954E+01  8.7170527802872777E-01  2.8153902522162708E+00  3.7772423922875156E+00  3.9301859181340042E+00  1.4308744014378987E+00  1.7752833245800277E+00  2.8789484614418033E+00
    353     84      1     1.0000     0.6482     0.5000  7.5302999999957887E+00  8.2436321816708724E-01  1.2240634413066950E+01  8.0132256277299219E-01  3.8680870312260449E+00  5.1895833268240734E+00  5.3997136518726458E+00  1.2165560210530251E+00  1.7203472914366367E+00  3.2742846594531496E+00
    218     24      1     1.0000     0.8217     0.5000  8.7827999999928696E+00  8.2436321816708724E-01  1.1250227667491083E+01  7.3620856762596720E-01  8.3214152094877196E+00  1.1164350046449119E+01  1.1616403391867136E+01  1.1049565585157439E+00  1.7976154211415754E+00  4.2241863462110381E+00
    245     61      5     1.0000     0.9225     0.5000  9.1750999999919554E+00  8.2436321816708724E-01  7.8782082612872646E+00  7.1312911213793806E-01  2.5383129108993312E+01  3.4055041301617621E+01  3.5433956803612425E+01  1.0831144144301705E+00  2.0765632396857834E+00  6.5295747190765088E+00
    342    309      1     1.0000     0.8006     0.5000  9.3398999999915713E+00  8.2436321816708724E-01  1.4888155748862131E+01  7.4278948004709078E-01  7.2404386774356748E+00  9.7140678417989061E+00  1.0107398116040841E+01  1.1130444039727023E+00  1.7766245072685529E+00  4.0333276803302160E+00
    387    136      5     1.0000     0.8608     0.5000  1.0073199999989862E+01  8.2436321816708724E-01  7.2201218204246649E+00  7.2550344887307783E-01  1.1446469211784088E+01  1.5357049955944593E+01  1.5978869030002059E+01  1.0934382162225673E+00  1.8565131698359505E+00  4.7241772636847053E+00
    141     95      1     1.0000     0.7576     0.5000  1.0139699999989707E+01  8.2436321816708724E-01  1.0622758541688777E+01  7.5754865602667198E-01  5.7449448617913585E+00  7.7076523427721666E+00  8.0197412697919148E+00  1.1337938572609814E+00  1.7478360274164151E+00  3.7422900052573227E+00
    336    309      5     1.0000     0.9482     0.5000  1.1454799999986642E+01  8.2436321816708724E-01  4.1437535845767908E+00  7.0985174334538514E-01  4.4818103595936748E+01  6.0129795757885390E+01  6.2564498648655075E+01  1.0811372861836461E+00  2.3056295908686462E+00  8.5382673829127924E+00
    285    150      1     0.9167     0.2407     0.5065  1.2136899999985053E+01  8.3739699783747756E-01  1.2020790640334564E+01  9.6715109046535574E-01  2.2115381304136323E+00  3.0337742571537984E+00  3.1566141713882709E+00  2.0166709691293345E+00  2.1004390320952928E+00  2.8180346750153622E+00
    270     62      1     1.0000     0.5209     0.5000  1.2879699999983321E+01  8.2436321816708724E-01  8.0505194906050992E+00  8.5693007008186872E-01  2.9614065233744351E+00  3.9731437771659341E+00  4.1340195047113895E+00  1.3755039909743410E+00  1.7516422268474963E+00  2.9390244810394708E+00
    139     87      5     1.0000     0.6812     0.5000  1.5593799999976996E+01  8.2436321816708724E-01  2.4301777926336960E+00  7.8741361475536187E-01  4.2655158555610786E+00  5.7227900472826478E+00  5.9545103333034071E+00  1.1866979678492104E+00  1.7234860180891873E+00  3.3911998231918039E+00
    302    296      5     1.0000     0.9711     0.5000  1.6399099999975121E+01  8.2436321816708724E-01  1.0081188859345938E+01  7.0797497272196508E-01  1.0354692986071146E+02  1.3892278441797220E+02  1.4454787761100624E+02  1.0802641049986970E+00  2.7689988562321073E+00  1.3246087181833699E+01
    166      9      1     1.0000     0.5564     0.5000  1.7357399999972888E+01  8.2436321816708724E-01  1.4528245789860703E+01  8.4134997575209758E-01  3.1466558302726964E+00  4.2216818029714736E+00  4.3926210313532108E+00  1.3237586600332041E+00  1.7348230535028895E+00  3.0155957711102497E+00
    153     76      1     1.0000     0.4850     0.5000  2.1707899999962748E+01  8.2436321816708724E-01  1.9873403969606436E+01  8.7247653350828658E-01  2.8084226648101702E+00  3.7678943928399877E+00  3.9204594108104573E+00  1.4339508347271117E+00  1.7767554293826684E+00  2.8761715027489418E+00
    324    322      1     0.9744     0.8014     0.5019  2.3352399999958916E+01  8.2815809378818794E-01  7.9529662616261616E+00  7.4668241992971274E-01  7.2502053387547729E+00  9.7909566055536263E+00  1.0187400166528404E+01  1.1127051127057401E+00  1.7639004134103184E+00  3.9714456455187599E+00
    249    216      1     1.0000     0.7182     0.5000  2.3375099999958863E+01  8.2436321816708724E-01  1.3225424700778486E+01  7.7247077030302691E-01  4.8560269213042559E+00  6.5150437779632018E+00  6.7788430428662076E+00  1.1583772419606890E+00  1.7319837031665959E+00  3.5433120557328919E+00
     88     80      1     0.9167     0.6117     0.5065  2.3748099999957994E+01  8.3739699783747756E-01  9.8204641098035061E+00  8.2800338695056652E-01  3.4656829089208308E+00  4.7542022667162493E+00  4.9467036689941697E+00  1.2551548631501568E+00  1.6994863048601054E+00  3.0376699324274208E+00
    294     89      1     1.0000     0.5224     0.5000  2.4588199999956036E+01  8.2436321816708724E-01  5.9650314543122569E+00  8.5627421662003056E-01  2.9684955257008081E+00  3.9826546718225879E+00  4.1439155029996551E+00  1.3731949447793745E+00  1.7507784724174160E+00  2.9419820338377525E+00
    176    113      1     1.0000     0.2169     0.5000  2.4645099999955903E+01  8.2436321816708724E-01  8.7472269902527486E+00  9.6936047269574532E-01  2.2395684682568233E+00  3.0046964011724020E+00  3.1263589300669947E+00  2.0895345559664311E+00  2.1336484948079644E+00  2.8625898446884293E+00
    145     34      1     1.0000     0.7200     0.5000  2.5410199999954120E+01  8.2436321816708724E-01  1.5459966520663698E+01  7.7179297180478934E-01  4.8884867199724464E+00  6.5585931677780209E+00  6.8241557818482246E+00  1.1571815242136296E+00  1.7325192196287127E+00  3.5511125471307197E+00
    302    279      1     0.9429     0.2927     0.5044  2.6129999999952442E+01  8.3307621337282023E-01  4.1739625726938856E+00  9.5046989700103890E-01  2.2956701210998700E+00  3.1262825240237317E+00  3.2528681710006739E+00  1.8635498458899475E+00  2.1113330465841877E+00  2.8326505291823842E+00
    322     22      1     1.0000     0.5679     0.5000  2.6332399999951971E+01  8.2436321816708724E-01  8.6335239401130419E+00  8.3630358365706847E-01  3.2152676641438087E+00  4.3137342377295109E+00  4.4884007418517191E+00  1.3083111209585365E+00  1.7308927957367384E+00  3.0431711935140551E+00
    255    134      1     1.0000     0.7261     0.5000  2.8775899999946276E+01  8.2436321816708724E-01  8.6330438420265967E+00  7.6940487233530963E-01  5.0078082426326249E+00  6.7186797892861856E+00  6.9907244370178514E+00  1.1530290450984451E+00  1.7345270894086324E+00  3.5793759633315108E+00
    305    147      1     1.0000     0.2578     0.5000  3.1551199999939808E+01  8.2436321816708724E-01  7.9412491295545360E+00  9.5784478633973791E-01  2.2856408403078805E+00  3.0665089746468976E+00  3.1906743434302243E+00  1.9628303355281724E+00  2.1336484948079644E+00  2.8625898446884293E+00
    320    285      1     0.9196     0.7919     0.5063  3.1948999999938881E+01  8.4570431071085972E-01  1.0888377844212538E+01  7.5881185803207252E-01  6.7916231874197672E+00  9.3088740044374010E+00  9.6857976603845000E+00  1.1167596447037016E+00  1.7273021230197507E+00  3.7552412410877110E+00
    325     41      1     1.0000     0.6654     0.5000  3.2572399999957760E+01  8.2436321816708724E-01  6.1643958124161466E+00  7.9402121646761636E-01  4.0625976544248994E+00  5.4505467123151652E+00  5.6712436508210402E+00  1.2004488806339126E+00  1.7214722420111421E+00  3.3333117544070094E+00
    312    211      5     1.0000     0.9388     0.5000  3.2950999999970328E+01  8.3303846277375004E-01  6.3774129542702074E+00  7.1090936994764942E-01  3.5367940037016815E+01  4.7451070888143612E+01  4.9372402201601965E+01  1.0817247687643448E+00  2.2014568689230942E+00  7.6078165755126763E+00
    330     88      1     0.9714     0.4792     0.5022  3.8980600000170490E+01  8.3732325078505199E-01  1.0055007349877723E+01  8.7785263027016669E-01  2.7649610672696476E+00  3.7367613477779211E+00  3.8880657641804697E+00  1.4440874589586832E+00  1.7780729330277234E+00  2.8411796773639142E+00
    126     66      5     0.9167     0.7794     0.5065  4.0543300000222366E+01  8.3739699783747756E-01  5.3359789727668758E+00  7.6335704641708224E-01  6.3333165573938031E+00  8.6880042762968763E+00  9.0397884268982089E+00  1.1225234188981998E+00  1.7193770944754854E+00  3.6699116292705094E+00
     75     71      1     1.0000     0.7870     0.5000  4.1500200000254132E+01  8.2436321816708724E-01  1.0034971615302792E+01  7.4724647647785070E-01  6.6875974480061338E+00  8.9723534999374976E+00  9.3356511750412867E+00  1.1189345036666396E+00  1.7658804338221461E+00  3.9302403930395897E+00
    206    127      1     0.9440     0.5181     0.5043  4.5729700000394537E+01  8.4152585526533441E-01  1.1601837543103320E+01  8.6432048110075710E-01  2.9072555028884501E+00  3.9578647996551162E+00  4.1181218693414410E+00  1.3801245753048990E+00  1.7442986291714837E+00  2.8741542270480274E+00
    202     56      4     1.0000     0.4133     0.5000  4.9678000000525607E+01  8.2436321816708724E-01  2.3724517496444455E+00  9.0242468009975341E-01  2.5771439544767025E+00  3.4576014420075176E+00  3.5976024534841144E+00  1.5703945320490846E+00  1.8571462580157949E+00  2.8003085212809840E+00
    324    246      5     0.9170     0.9314     0.5065  5.5136400000706807E+01  8.3733544163540186E-01  9.3470212840390268E+00  7.2681302343643606E-01  2.9833559790818828E+01  4.0921255019445418E+01  4.2578188934387278E+01  1.0822247736763586E+00  2.0613616260381824E+00  6.5711792697630669E+00
    210    331      1     0.9746     0.6087     0.5019  5.5349800000713891E+01  8.6103673869065278E-01  7.6412616162241145E+00  8.2163620418210326E-01  3.4777445953858153E+00  4.6961302339270450E+00  4.8862802537609920E+00  1.2582195718212230E+00  1.7121128785515092E+00  3.1092058727108589E+00
      8    293      5     0.8938     0.7507     0.5084  5.7978800000801165E+01  8.5020773610477263E-01  4.8728399322458769E+00  7.7698207870629743E-01  5.4637256875641667E+00  7.5449427506958973E+00  7.8504434379055672E+00  1.1378560435877041E+00  1.6954486715757753E+00  3.4598592079798505E+00
    169    277      5     0.9706     0.9281     0.5022  5.8058400000803807E+01  8.2873152853930998E-01  7.1574949333067011E+00  7.1750095249693002E-01  2.8095651247284692E+01  3.7978760741524880E+01  3.9516550740638841E+01  1.0825739729714194E+00  2.0876678754590881E+00  6.6808293049396230E+00
    249     61      1     1.0000     0.5884     0.5000  5.8971100000834106E+01  8.3303846277375004E-01  5.3694428898255602E+00  8.2728373127415589E-01  3.3490301814689412E+00  4.4931954866778057E+00  4.6751285184189477E+00  1.2821756834106279E+00  1.7246114553037526E+00  3.0942435449671586E+00
     50    127      1     0.9706     0.5150     0.5022  6.5055600001036083E+01  8.2873152853930998E-01  4.3184293932057098E+00  8.6270955018793516E-01  2.9131723549878603E+00  3.9379288593497619E+00  4.0973787070776568E+00  1.3848012934061575E+00  1.7510164203922713E+00  2.8976040979428399E+00
     17     32      5     0.9722     0.5924     0.5021  6.9341600001178364E+01  8.3720113886293335E-01  2.1862029755949024E+00  8.2899382418460255E-01  3.3569245597320143E+00  4.5358427338978062E+00  4.7195025863404183E+00  1.2773725966174641E+00  1.7170643147372886E+00  3.0667342975431535E+00
    302     64      1     1.0000     0.3603     0.5000  6.9798600001193535E+01  8.2436321816708724E-01  9.5649516210561512E+00  9.2304783700109549E-01  2.4524862833117314E+00  3.2903556260225040E+00  3.4235847224025084E+00  1.6886631959039358E+00  1.9480577122702669E+00  2.7929293842070400E+00
     50    281      6     0.8916     0.9455     0.5086  9.0029800001865141E+01  8.4174522420812148E-01  2.5248377273727822E+00  7.2996071729110179E-01  4.1194182546495220E+01  5.6922833378745956E+01  5.9227683831524331E+01  1.0811625970169636E+00  2.1594912688480905E+00  7.4755124791733465E+00
    148     91      5     0.8188     0.9130     0.5149  9.3438600001978301E+01  8.8223433422143283E-01  1.2084370652867960E+01  7.4834968285931969E-01  2.1160615651796213E+01  2.9919863341073984E+01  3.1131342223544561E+01  1.0837955023238131E+00  1.8648762493410331E+00  5.1895612789944909E+00
    154     27      1     0.8351     0.7277     0.5134  9.3448600001978633E+01  9.1176003190411958E-01  7.8059846108186868E+00  7.9490715173374515E-01  4.8838689581843671E+00  6.8681464464851079E+00  7.1462431171410019E+00  1.1523978447221803E+00  1.6596849500693702E+00  3.2248717233874351E+00
    166    100      5     0.9167     0.9484     0.5065  9.4977600002029391E+01  8.3739699783747756E-01  5.6409447439117297E+00  7.2493025639230868E-01  4.4676012977312752E+01  6.1286276830999256E+01  6.3767806553231473E+01  1.0810506501352630E+00  2.2197749130817654E+00  7.9510972231768076E+00
    115    327      5     0.6675     0.6520     0.5301  1.0236810000227473E+02  9.6197556573742404E-01  2.3368472979974282E+00  8.5073634073885285E-01  3.6463880084803630E+00  5.4675149936688783E+00  5.6888989912798555E+00  1.2181964789837969E+00  1.6091173338286371E+00  2.7089483429383581E+00
     15    215      5     0.9519     0.8925     0.5037  1.0368970000231860E+02  8.5630130914469249E-01  6.2965110307909908E+00  7.2679704748490725E-01  1.6064956822400582E+01  2.1824015187564676E+01  2.2707686788235250E+01  1.0870231357535542E+00  1.9002321425284983E+00  5.1876223742276286E+00
    261    275      4     0.8671     0.2695     0.5106  1.0583710000238989E+02  8.5511525375529718E-01  1.9268185711951014E+00  9.6205741955025725E-01  2.2136005977049358E+00  3.0815401039088988E+00  3.2063140949801361E+00  1.9338132863964905E+00  2.0774878154149952E+00  2.7872423866172791E+00
     53     49      5     0.9545     0.7106     0.5035  1.1054780000254627E+02  8.7390188602414043E-01  3.3944926564577402E+00  7.8222508556624437E-01  4.6696164539685219E+00  6.3392415670680915E+00  6.5959224616910204E+00  1.1638073274979059E+00  1.7076250016070551E+00  3.4099004621772266E+00
     95     41      1     0.9706     0.7735     0.5022  1.1142190000257528E+02  8.6146452896493642E-01  1.0241190455727834E+01  7.5652838778989606E-01  6.1769005824689094E+00  8.3497553782399354E+00  8.6878435639786105E+00  1.1254032748313711E+00  1.7393352082534757E+00  3.7597957969865008E+00
     17     71      5     0.9430     0.8827     0.5044  1.1245920000260972E+02  8.9021668215144067E-01  8.1076521365674292E+00  7.3036734245930801E-01  1.4227313758662243E+01  1.9374004432714557E+01  2.0158473164124288E+01  1.0887395662651860E+00  1.8616769226485559E+00  4.9100774347362375E+00
    189    182      1     0.9265     0.7244     0.5057  1.1406410000266300E+02  8.7801825270827283E-01  8.2774404184269716E+00  7.8125507398340244E-01  4.8998116950949910E+00  6.7028834875094017E+00  6.9742885305140829E+00  1.1542442876492085E+00  1.6994038293126781E+00  3.4090291378359385E+00
    131    220      1     0.8819     0.2849     0.5094  1.1724380000276855E+02  8.9203092872543766E-01  7.9813476489643325E+00  9.5670031642862619E-01  2.2387774822998772E+00  3.1025962649189838E+00  3.2282228365691767E+00  1.8882565388198642E+00  2.0794964225221642E+00  2.7899372158363103E+00
    210     70      1     0.9690     0.5405     0.5024  1.1768000000278303E+02  8.5234876222573086E-01  6.2487372274704427E+00  8.5186689413904493E-01  3.0326919546747444E+00  4.1012383017245666E+00  4.2673006776745916E+00  1.3462332223893805E+00  1.7336018485308147E+00  2.9404528780546699E+00
    293    259      6     0.9737     0.8736     0.5020  1.2768660000311522E+02  9.3494609261015715E-01  2.6652256299528445E+00  7.2696705622448909E-01  1.2887695184679410E+01  1.7407200933538885E+01  1.8112032238866210E+01  1.0905539660730641E+00  1.8555403430096751E+00  4.8284540001639051E+00
     56    271      5     0.8403     0.5688     0.5130  1.2849510000314206E+02  8.8597961283514859E-01  2.5856085629025536E+00  8.5591860007032927E-01  3.1002627534988831E+00  4.3526076162142786E+00  4.5288481341141473E+00  1.3089690754487582E+00  1.6939885168378679E+00  2.8360644656448679E+00
    283    227      1     0.8485     0.8256     0.5123  1.3136300000323726E+02  9.0004773539903782E-01  1.6594164278836821E+01  7.6141909583842082E-01  8.3544604789890506E+00  1.1698426489742706E+01  1.2172105011896976E+01  1.1035599347995662E+00  1.7085011139492376E+00  3.8045546707771587E+00
    104    258      1     0.9203     0.5073     0.5062  1.3323800000329950E+02  9.0626204688219814E-01  8.3420149821915217E+00  8.7154658958717979E-01  2.8323780946501635E+00  3.8814026985956791E+00  4.0385637574584621E+00  1.3976282401140852E+00  1.7430178293561924E+00  2.8232453522552987E+00
    109     56      5     0.7134     0.6012     0.5252  1.5720160000409501E+02  1.0520018987645940E+00  2.4667961770780464E+00  8.6152844829761122E-01  3.2095415696545708E+00  4.7188026461020085E+00  4.9098706898002877E+00  1.2724380879298853E+00  1.6380187131048936E+00  2.6934558899363594E+00
    121    296      1     0.9580     0.4755     0.5032  1.6246440000426972E+02  9.2496238668460229E-01  3.3913226480133498E+00  8.8078509431228891E-01  2.7287554342923692E+00  3.7009670608567737E+00  3.8508221383294043E+00  1.4507053245620332E+00  1.7718162106959627E+00  2.8112242978242974E+00
    126     12      1     1.0000     0.7980     0.5000  1.7029400000452964E+02  8.2436321816708724E-01  1.2166097654958337E+01  7.4362630215911907E-01  7.1276555577974143E+00  9.5627534084635180E+00  9.9499568418670084E+00  1.1141251932108687E+00  1.7744299332232265E+00  4.0126433092941571E+00
    229    210      1     0.9442     0.5915     0.5043  1.7052420000453728E+02  8.4047499777938761E-01  8.4716478290002541E+00  8.3291690105257943E-01  3.3303759160206581E+00  4.5336519431345721E+00  4.7172230887299866E+00  1.2785656582076974E+00  1.7106436728806813E+00  3.0261551329799574E+00
    180    288      7     0.8128     0.9679     0.5155  1.7965060000484024E+02  8.6361618208667901E-01  1.4441607032097947E+00  7.4369362713116360E-01  8.6941322644240827E+01  1.2317726834913411E+02  1.2816481316858281E+02  1.0799143762131544E+00  2.4150912612496929E+00  1.0112972392298595E+01
    121     40      1     1.0000     0.6816     0.5000  1.8113600000488955E+02  8.2436321816708724E-01  7.4780445009524428E+00  7.8725444915209597E-01  4.2707693884498292E+00  5.7298384012794141E+00  5.9618440807167792E+00  1.1863762007943706E+00  1.7235466956576928E+00  3.3926539638696207E+00
    100    167      1     0.8702     0.2645     0.5104  1.8134310000489643E+02  9.0276001876612755E-01  1.2799477418109841E+01  9.6326392502440761E-01  2.2032065393012150E+00  3.0641387362777550E+00  3.1882081322386830E+00  1.9482157864221548E+00  2.0732732767491941E+00  2.7815879896469595E+00
    135    171      5     0.9272     0.7874     0.5056  1.9475020000534150E+02  8.6151875383472931E-01  5.4082521503515126E+00  7.5898285129957366E-01  6.6189348200603479E+00  9.0528025472479818E+00  9.4193576677759179E+00  1.1187823032300601E+00  1.7267001088331404E+00  3.7411823137588089E+00
     39    135      5     0.8469     0.9717     0.5124  2.0127500000555810E+02  9.0799358461019963E-01  1.3351176298363718E+01  7.3659815986070121E-01  1.0449372049265972E+02  1.4639059673995294E+02  1.5231806754825888E+02  1.0799729505941911E+00  2.5613883382654938E+00  1.1547922246457919E+01
    276    266      5     0.9881     0.8272     0.5009  2.0305930000561733E+02  9.8948030329407044E-01  5.5567948861836935E+00  7.3655315568480506E-01  8.5664591277288551E+00  1.1527803305154837E+01  1.1994573159892022E+01  1.1030722955368493E+00  1.7813332497688912E+00  4.2082483491946840E+00
    150    280      5     0.8709     0.6346     0.5103  2.0780640000577492E+02  8.9435469695358982E-01  3.2916808266428208E+00  8.2493303691980435E-01  3.6241225475050234E+00  5.0392095857754136E+00  5.2432511593587181E+00  1.2308167019279428E+00  1.6772633921093063E+00  3.0156802139367169E+00
    144     27      5     0.8775     0.9130     0.5098  2.4055000000686189E+02  9.3945636916081454E-01  1.2823130672355781E+01  7.3688897616993976E-01  2.1213004920619362E+01  2.9436686564657542E+01  3.0628601238078897E+01  1.0840008892429436E+00  1.9099549281571326E+00  5.4592595785035058E+00
     53     14      1     0.9545     0.3412     0.5035  2.5017040000718126E+02  1.0066122089522425E+00  6.3210753233239956E+00  9.3339912739691622E-01  2.3618985215655379E+00  3.2063565459113481E+00  3.3361844532370588E+00  1.7355635506277629E+00  1.9748522877969876E+00  2.7584867977381613E+00
    128    251      5     0.8805     0.8667     0.5095  2.5185410000723715E+02  1.0191760046841603E+00  6.7749642632619409E+00  7.4523021765732056E-01  1.1823523460732854E+01  1.6392413119448573E+01  1.7056154865209926E+01  1.0919672531319642E+00  1.7710755991698095E+00  4.3565780395890918E+00
    258    252      5     0.9265     0.9324     0.5057  2.5536790000735380E+02  9.9751714608360675E-01  8.6964636122394925E+00  7.2491781246155229E-01  3.0259430721380379E+01  4.1394406102149070E+01  4.3070498277888419E+01  1.0821530589796233E+00  2.0601659909416630E+00  6.6352182614328221E+00
    273     27      5     0.9962     0.9731     0.5003  2.5713920000708879E+02  8.4099467349233992E-01  9.2528528219382746E+00  7.0852189768005636E-01  1.1494309642085277E+02  1.5435776107079946E+02  1.6060782865135542E+02  1.0802197389579009E+00  2.8314048458942662E+00  1.3982020079208967E+01
    273    190      6     0.8905     0.9708     0.5087  2.6784290000440194E+02  1.0013036897609862E+00  4.9191231582825452E+00  7.2812822707678060E-01  9.9855534472950723E+01  1.3802520472828877E+02  1.4361395421122666E+02  1.0801357444774835E+00  2.5849502306612355E+00  1.1731327626167793E+01
    101     71      3     0.5170     0.5097     0.5491  2.7372850000292453E+02  1.1746933251922911E+00  3.3182977459014618E+00  9.2298061150578437E-01  2.5640800119700531E+00  4.1668568705513183E+00  4.3355761941459665E+00  1.4304571162517608E+00  1.7088586440882847E+00  2.4093531320323183E+00
    201    245      6     0.8029     0.8975     0.5164  2.8123510000104022E+02  1.0136160017833256E+00  2.2663394684021569E+00  7.5405815753635075E-01  1.6724112897821623E+01  2.3774965190890853E+01  2.4737632297083696E+01  1.0858647586238281E+00  1.7846764386560323E+00  4.6416460085322830E+00
     30    189      1     0.9281     0.5054     0.5056  2.9102799999858200E+02  9.5935678342111341E-01  3.8812529745818645E+00  8.7144051486047525E-01  2.8218146107965438E+00  3.8584729602824464E+00  4.0147055759424521E+00  1.4004427924836926E+00  1.7403411753843845E+00  2.8201135059788136E+00
     15    245      7     0.7068     0.6667     0.5259  2.9637969999723862E+02  1.0996429049714398E+00  1.6039629324014195E+00  8.3871305887562642E-01  3.8119435804875188E+00  5.6197817046724561E+00  5.8473311015962981E+00  1.2027033788135921E+00  1.6043717120685030E+00  2.7837338968875698E+00
    138      6      1     0.8998     0.3742     0.5079  3.0160349999592734E+02  1.0710982038340919E+00  5.5677975087008109E+00  9.2592066053481903E-01  2.3857702816505104E+00  3.2887319696921908E+00  3.4218953229458271E+00  1.6583032299395732E+00  1.9053289548584391E+00  2.7102306559560678E+00
    158    157      1     0.9202     0.5585     0.5062  3.1364959999290352E+02  8.8395765858607345E-01  4.5370425815103292E+00  8.4996984158920752E-01  3.0930759442865865E+00  4.2387522500310073E+00  4.4103826742879138E+00  1.3213513735772342E+00  1.7136385904227862E+00  2.9152855166053455E+00
    249    241      4     0.6519     0.5231     0.5319  3.2264659999064509E+02  1.1573708525765944E+00  1.5604589857853457E+00  8.9901539615685711E-01  2.6989699611286841E+00  4.0758576450768000E+00  4.2408923382061685E+00  1.3872269418430518E+00  1.6865590817258784E+00  2.5381630971564491E+00
    211    138      5     1.0000     0.6501     0.5000  3.2558819998990668E+02  8.2436321816708724E-01  2.8390995139943116E+00  8.0049719350931259E-01  3.8887132273240370E+00  5.2172562727794833E+00  5.4285070972520861E+00  1.2146861481496272E+00  1.7204181026842209E+00  3.2807260841089789E+00
    124     80      6     0.7732     0.5535     0.5192  3.3424259998773425E+02  1.1133001155941331E+00  2.0040031363184245E+00  8.7102175291848027E-01  2.9326523762253975E+00  4.2133005010410134E+00  4.3839003638922129E+00  1.3323797248991451E+00  1.6735419845195501E+00  2.7007191099298677E+00
    247     25      6     0.5331     0.8435     0.5468  3.3719459998699324E+02  1.3081954881070297E+00  2.4072693197662516E+00  8.2449413423947737E-01  9.1054349241534265E+00  1.4648998044826271E+01  1.5242147538136184E+01  1.0964084016069944E+00  1.4843468628812682E+00  2.8971079469814041E+00
    175     33      1     0.9987     0.5318     0.5001  3.4098689998604129E+02  9.0283493122933001E-01  1.1949270564651925E+01  8.5228994612447884E-01  3.0000253338373528E+00  4.0262386801890209E+00  4.1892642622657634E+00  1.3589423386617381E+00  1.7376536631933965E+00  2.9464967651450382E+00
     32    185      5     0.8703     0.9696     0.5104  3.4401699998528068E+02  8.5336182424297902E-01  9.0531839806468177E+00  7.3212261589842098E-01  9.4774913591222415E+01  1.3180780759780617E+02  1.3714480976353045E+02  1.0801055915476305E+00  2.5426207856540275E+00  1.1224853929351729E+01
    123     79      4     0.5812     0.2416     0.5404  3.4561329998487997E+02  1.1177956529299538E+00  1.2247300210527423E+00  9.8499619060811505E-01  1.9982672224797489E+00  3.1269128984226597E+00  3.2535240697565704E+00  2.0942687330374659E+00  1.8900286600586733E+00  2.5357395379884218E+00
    243     98      5     0.3799     0.6052     0.5718  3.4767429998436262E+02  1.3141448633112907E+00  2.5115229057570669E+00  9.1992406131693305E-01  3.0315176364803871E+00  5.4811087530870282E+00  5.7030431727464181E+00  1.3019982093110898E+00  1.5916868083902067E+00  2.2240167893429401E+00
     67     71      1     0.9493     0.6222     0.5039  3.5381979998281997E+02  8.9538015678390925E-01  8.1321921133585171E+00  8.1918769534528424E-01  3.5658243199032085E+00  4.8474659018396471E+00  5.0437436223168319E+00  1.2433397582900136E+00  1.7004053823117697E+00  3.1033017261397431E+00
     14    224      6     0.8641     0.6122     0.5109  3.8451169997511568E+02  1.3549775760247058E+00  1.6959860859858884E+00  8.3501430918765751E-01  3.3526186396161757E+00  4.6715288457433068E+00  4.8606827359517837E+00  1.2551784836932882E+00  1.6466337706615644E+00  2.8924404735832683E+00
    121     25      4     0.6909     0.5273     0.5276  3.8644999997462912E+02  1.0380606909235552E+00  2.3221372574655925E+00  8.9210062001221258E-01  2.7567617386672429E+00  4.0913399151842897E+00  4.2570014976504877E+00  1.3767788879330287E+00  1.6930611023720272E+00  2.5942376295727914E+00
     14    223      7     0.8437     0.7613     0.5127  3.8791489997426140E+02  1.3555672543860662E+00  1.3693127970345851E+00  7.8183699583948874E-01  5.5752576122390280E+00  7.8187857961053506E+00  8.1353746043683532E+00  1.1319454717894082E+00  1.6376635585239274E+00  3.3173623076973344E+00
     35      8      1     0.9234     0.4204     0.5059  3.9148569997336506E+02  8.3625842542261997E-01  9.3013212378462509E+00  9.0646731188379470E-01  2.5440662894314907E+00  3.4832502334511166E+00  3.6242897847378921E+00  1.5566423964758003E+00  1.8467414503960331E+00  2.7554693605334801E+00
    246    177      1     0.9388     0.7506     0.5047  3.9252459997310427E+02  8.5685781901500546E-01  1.7524044741494055E+01  7.6967358001865660E-01  5.4985296990807333E+00  7.4963131510591978E+00  7.7998447873961663E+00  1.1377977149890461E+00  1.7145918233886022E+00  3.5595422612283985E+00
    149     99      5     1.0000     0.7345     0.5000  3.9468439997256212E+02  8.2436321816708724E-01  4.8348182033650371E+00  7.6618136678131232E-01  5.1823002341724802E+00  6.9527853620536462E+00  7.2343091292065269E+00  1.1475725186254546E+00  1.7375574962131346E+00  3.6196334075001162E+00
     15    109      1     0.8295     0.4099     0.5139  4.0058889997107997E+02  1.0634184208064910E+00  6.0829151689727254E+00  9.1923422085046103E-01  2.4264413032652397E+00  3.4185500180086765E+00  3.5569698065042155E+00  1.5828741990165942E+00  1.8461570552732132E+00  2.6666980538104452E+00
    233    217      7     0.5974     0.8758     0.5384  4.1372969996778136E+02  1.4763941833383212E+00  1.3702264855883086E+00  8.0280164835803680E-01  1.2382267154987071E+01  1.9208498397522757E+01  1.9986265658933426E+01  1.0883536990417098E+00  1.5438645001832791E+00  3.3690280371177166E+00
    217    245      9     0.9048     0.6448     0.5075  4.1676089996702046E+02  1.3118396295151800E+00  1.1821709073168867E+00  8.1593595108609296E-01  3.6776237242861001E+00  5.0621058243091053E+00  5.2670744846626727E+00  1.2202554623584720E+00  1.6538572401237619E+00  3.0384021251755855E+00
    164    234      1     0.8409     0.8241     0.5129  4.1945429996634437E+02  8.7761613067464317E-01  1.3020619401665240E+01  7.6323356475499593E-01  8.2647355350336564E+00  1.1600875281091325E+01  1.2070603877809994E+01  1.1040795920055928E+00  1.7048819354819043E+00  3.7740586157159139E+00
     39     70      1     0.5370     0.3836     0.5463  4.2613749996466674E+02  1.0909273738202374E+00  6.6551158848824397E+00  9.5668714204510097E-01  2.1952529496547162E+00  3.5233144151059883E+00  3.6659761967306856E+00  1.6969675329369227E+00  1.8585584655949476E+00  2.4935178415368044E+00
     22    194      1     0.9500     0.2104     0.5038  4.4848059995905817E+02  8.3193130775548840E-01  6.9328905540741479E+00  9.7328625667079638E-01  2.2012798853096838E+00  2.9919143727208075E+00  3.1130593471945223E+00  2.1112127967496210E+00  2.1142386675682254E+00  2.8365488288046796E+00
     87    112      6     0.8099     0.5777     0.5157  4.4999979995867682E+02  1.3592341561695898E+00  1.6923049741940477E+00  8.5646021057230515E-01  3.0705501757209128E+00  4.3546424416566669E+00  4.5309653512447881E+00  1.2981561033223734E+00  1.6484402240064764E+00  2.7532926705880638E+00
     29    219      6     0.9279     0.7283     0.5056  4.5208489995815341E+02  1.1359436676079102E+00  1.8826719650603347E+00  7.7957784129240626E-01  4.9154471207152657E+00  6.7216387052634641E+00  6.9938031618385272E+00  1.1516450584813125E+00  1.6793922282053899E+00  3.3850147326547786E+00
    176     29      6     0.8966     0.8583     0.5081  4.5319529995787468E+02  1.1787109414566972E+00  1.8711680808746691E+00  7.4421813515932822E-01  1.0845200752008731E+01  1.4963778078152716E+01  1.5569673263468339E+01  1.0940006892570429E+00  1.7545895036571433E+00  4.2585440750545551E+00
    212    112      6     0.4598     0.9071     0.5578  4.5561769995726661E+02  1.5427410720779182E+00  1.6497910711358299E+00  8.3349263465364554E-01  1.8184584458725382E+01  3.0738641198790592E+01  3.1983273042982631E+01  1.0801762295866657E+00  1.4501099508761626E+00  3.1735828625320521E+00
      7    219      7     0.8098     0.6162     0.5157  4.5788199995669822E+02  1.1394682964616543E+00  1.4732919017113704E+00  8.4123307587728824E-01  3.3768720604606846E+00  4.7892129451190808E+00  4.9831319573995083E+00  1.2517564921012894E+00  1.6463264607300889E+00  2.8463556379861821E+00
      6    199      5     0.9744     0.9372     0.5019  4.5874349995648197E+02  8.2815809378818794E-01  8.0453572450091109E+00  7.1563638306264321E-01  3.4014380270118068E+01  4.5934329529861849E+01  4.7794246788557274E+01  1.0818338310710340E+00  2.1631715371456481E+00  7.3202774271057196E+00
    211    112      6     0.4272     0.7167     0.5632  4.6145799995580057E+02  1.5391944416401488E+00  1.6261201243637513E+00  8.8017121404246623E-01  4.2976950805107741E+00  7.4524347195366332E+00  7.7541896835479447E+00  1.1696135266801095E+00  1.4691838251524547E+00  2.2905850143740936E+00
    211    112      6     0.3668     0.8292     0.5743  4.6346309995529725E+02  1.5278849560683216E+00  1.4099797932407854E+00  8.7161373183827773E-01  7.9677944106601508E+00  1.4591422061671466E+01  1.5182240257978629E+01  1.0999606984033115E+00  1.3623124709399772E+00  2.2971650988895314E+00
    110    176      4     0.5969     0.3011     0.5384  4.6401439995515886E+02  1.3553202257104027E+00  1.1526145419647154E+00  9.7188264321278950E-01  2.0566062838166310E+00  3.1912163956238322E+00  3.3204312663142597E+00  1.9001319589202610E+00  1.8832909572391228E+00  2.5266999610783967E+00
    210    226      8     0.8555     0.9287     0.5116  4.6786449995419241E+02  1.6895472199196522E+00  9.6622849536586475E-01  7.3887948069095266E-01  2.7123432766327053E+01  3.7894822032568001E+01  3.9429213287103352E+01  1.0823003515686516E+00  1.9170047486928232E+00  5.8555467372815624E+00
    211     72      7     1.0000     0.9604     0.5000  4.8236499995055249E+02  8.2436321816708724E-01  2.3343178381334124E+00  7.0872491306304575E-01  6.5803614474627096E+01  8.8284813078273174E+01  9.1859534843140366E+01  1.0805807510411676E+00  2.4983449488056513E+00  1.0384660407335700E+01
     90    112      6     0.9036     0.7541     0.5076  5.0100799994587271E+02  1.2525540919780089E+00  2.1522018303105783E+00  7.7413823650248714E-01  5.4554549482226511E+00  7.5118390813302600E+00  7.8159993748385403E+00  1.1358361261018397E+00  1.6687040085669107E+00  3.4324385278604583E+00
     87    239      5     0.6333     0.6479     0.5341  5.0565509994470619E+02  1.3679417862098164E+00  2.8023286860364292E+00  8.5820630711116852E-01  3.5200248591734726E+00  5.3628885053651283E+00  5.5800360938828506E+00  1.2238257739453133E+00  1.5743529268608991E+00  2.6003167077954537E+00
    210     90      4     0.2237     0.3661     0.6100  5.1327269994279402E+02  1.9027853431769457E+00  1.1678149163507094E+00  9.9154502319511806E-01  2.0618105185980444E+00  4.5751972812351864E+00  4.7604506303620893E+00  1.9715634250534466E+00  1.4279824620617807E+00  1.9158395135085937E+00
     29    216      6     0.7753     0.7429     0.5190  5.1691009994188096E+02  1.1913616839050893E+00  2.6395420847786419E+00  8.0012093895070702E-01  5.0954644146224188E+00  7.3149080669762867E+00  7.6110944682754473E+00  1.1429915151809669E+00  1.6141227378794802E+00  3.1092250884701649E+00
     87    111      7     0.5208     0.9039     0.5485  5.2015789994106569E+02  1.3782553537699598E+00  1.4789565819580930E+00  8.1751738731651102E-01  1.7524325345662866E+01  2.8408623549393567E+01  2.9558911139875292E+01  1.0819609616747217E+00  1.5174141801648948E+00  3.4341438895062470E+00
    109    219      6     0.3016     0.7484     0.5886  5.2215739994056378E+02  1.5166742351641205E+00  1.8753916704708788E+00  9.0555453511648887E-01  4.9076315108823261E+00  9.6723772739685820E+00  1.0064019464212645E+01  1.1495059824166991E+00  1.4156671398437015E+00  2.0609008789833227E+00
    165     76      3     0.7470     0.5456     0.5218  5.2286859994038525E+02  9.0751486918497537E-01  3.0028405492642016E+00  8.7765332722241785E-01  2.9020992715993619E+00  4.2104208803699930E+00  4.3809041451073343E+00  1.3451957505127903E+00  1.6931163338970343E+00  2.6884413913625940E+00
    208    110      6     0.1475     0.7523     0.6391  5.2490739993987347E+02  2.0186678881292481E+00  1.5041853150109146E+00  9.5209518518882053E-01  5.0392467781663308E+00  1.3333980254848802E+01  1.3873883639897119E+01  1.1552340142551070E+00  1.2497618982840384E+00  1.6767315361513726E+00
    208    110      4     0.0804     0.3939     0.6798  5.2522959993979259E+02  2.0286041281087637E+00  1.2411232392681846E+00  9.9969269144448847E-01  2.4635511142490021E+00  8.5689428033558102E+00  8.9159060609423708E+00  2.0861111974931004E+00  1.0198056401087778E+00  1.3682128410725478E+00
    171     59      5     1.0000     0.7825     0.5000  5.3321549993778797E+02  8.2436321816708724E-01  2.9126589411128152E+00  7.4878105527257310E-01  6.5214173696071143E+00  8.7493995288536279E+00  9.1036696216903454E+00  1.1210382620194002E+00  1.7626631879636212E+00  3.8983457877447534E+00
    173    128      5     1.0000     0.8119     0.5000  5.6042599993095757E+02  8.2436321816708724E-01  6.1999532551420060E+00  7.3919704207082160E-01  7.7824969552118635E+00  1.0441315335923317E+01  1.0864092435219826E+01  1.1085380481951783E+00  1.7871682482971543E+00  4.1305860845625766E+00
    216     25      5     0.9744     0.7892     0.5019  6.1919649991620497E+02  8.2815809378818794E-01  5.6792144424587594E+00  7.5062391677729323E-01  6.7452842495463665E+00  9.1090917144666310E+00  9.4779260278043687E+00  1.1179442226769913E+00  1.7545734456351536E+00  3.8803555914808299E+00
      7    123      7     0.7148     0.9934     0.5250  6.7040619990335028E+02  1.3066365985682269E+00  1.5209710316570566E+00  7.6368553638071901E-01  8.4719862571689328E+02  1.2448582501263604E+03  1.2952635432423556E+03  1.0788782190922588E+00  3.9688742645404380E+00  3.3320264604867539E+01
    138     34      1     1.0000     0.5392     0.5000  6.8687169989921711E+02  8.2436321816708724E-01  7.3152007555212846E+00  8.4889798895483348E-01  3.0523058328723609E+00  4.0950979982530269E+00  4.2609117484689385E+00  1.3480350826761283E+00  1.7420385710078461E+00  2.9768694394805260E+00
     83      7      7     0.6045     0.7118     0.5375  7.0490489989469040E+02  1.5624671463933177E+00  1.4246942793533475E+00  8.4272380525835144E-01  4.3067903241464860E+00  6.6563617018683257E+00  6.9258830410526881E+00  1.1670670312987363E+00  1.5281962040168655E+00  2.6309633261473073E+00
    127     70      5     1.0000     0.8572     0.5000  7.0859669989376368E+02  8.2436321816708724E-01  4.7775639937937626E+00  7.2642176185028395E-01  1.1061836304594683E+01  1.4841010759829270E+01  1.5441934999525555E+01  1.0943416500286265E+00  1.8494537888305482E+00  4.6657491527628139E+00
    121    177      6     0.9516     0.7632     0.5037  7.1510199989213072E+02  1.2463604767715011E+00  2.9204034520871431E+00  7.6316465665072786E-01  5.7395600743029069E+00  7.7976237864365805E+00  8.1133557282248905E+00  1.1307885109805693E+00  1.6939883262134734E+00  3.5880925012157516E+00
    233    126      1     0.9962     0.5483     0.5003  7.1843479989129412E+02  8.3245630562827422E-01  6.6001020106383717E+00  8.4535511108169070E-01  3.0967021886435071E+00  4.1585762498016532E+00  4.3269602845262432E+00  1.3350792924241190E+00  1.7365509828152781E+00  2.9911484124353596E+00
    200     28      4     0.1943     0.5824     0.6199  7.2378759988995046E+02  2.2357295886085971E+00  1.1758576857804888E+00  9.6470806270730913E-01  2.8103276761401861E+00  6.6097220988689811E+00  6.8773549637151943E+00  1.3956632390593069E+00  1.3569861050794179E+00  1.8205879052881508E+00
    104    193      3     0.8397     0.4723     0.5130  7.4831779988379287E+02  1.1931981118441171E+00  3.5306846435885708E+00  8.9461603265391609E-01  2.6064647325461392E+00  3.6600135978544337E+00  3.8082104372854730E+00  1.4596314264883650E+00  1.7469591636059016E+00  2.6767469138980462E+00
     96    126      1     0.9703     0.6987     0.5023  7.4847489988375344E+02  8.2877867714223385E-01  8.9975448861837410E+00  7.8459250608754505E-01  4.4965357260820253E+00  6.0787573585964330E+00  6.3248910420177902E+00  1.1727224411219992E+00  1.7155952167834725E+00  3.4020494443012175E+00
    179    124      5     1.0000     0.8445     0.5000  7.6479259987965736E+02  8.2436321816708724E-01  7.3706422684855131E+00  7.2972253268374521E-01  9.9073034141342404E+00  1.3292042344631946E+01  1.3830247630593931E+01  1.0977242345849256E+00  1.8279262156941252E+00  4.4856518661264593E+00
    102     81      8     0.7041     0.9834     0.5262  7.6918419987855498E+02  1.8696092773288986E+00  9.9103666985123462E-01  7.6627574748659255E-01  2.1584472102484747E+02  3.1855515297183837E+02  3.3145370255170127E+02  1.0788386589712171E+00  2.7113403750490885E+00  1.4496545783648399E+01
    194    201      8     0.0679     0.8390     0.6907  7.8133249987550550E+02  2.3923164992404762E+00  9.4542231241924757E-01  9.7320088032192231E-01  9.0352932318504369E+00  3.4001893491028731E+01  3.5378656996223143E+01  1.0874959689052646E+00  9.5414882877197560E-01  1.2801249850715668E+00
    221    102      7     0.4449     0.9143     0.5602  7.8918129987353529E+02  1.0423119033458852E+00  1.1447284797202320E+00  8.3683706160549187E-01  2.0710951519168745E+01  3.5409125331011246E+01  3.6842868764136632E+01  1.0787478560836601E+00  1.4730486113018320E+00  3.2757981448172480E+00
      3    110      1     0.9744     0.7055     0.5019  7.9415739987228619E+02  8.2815809378818794E-01  9.3949575259316926E+00  7.8126956169968143E-01  4.6105034660852739E+00  6.2262015014803067E+00  6.4783053146249010E+00  1.1675405997349588E+00  1.7185431127053081E+00  3.4373079581444239E+00
    116    169      7     0.5483     0.5749     0.5447  7.9869259987114776E+02  1.2144258381581510E+00  1.5515473329897971E+00  8.9741176319562166E-01  2.9109314223334657E+00  4.6404909121975129E+00  4.8283880519784361E+00  1.3200104441054150E+00  1.6244294917496662E+00  2.4354793358713418E+00
    100      6      6     0.2446     0.7146     0.6036  8.1022219986825360E+02  2.0793707144091949E+00  1.6626412387066547E+00  9.2819865124010292E-01  4.1763750877716905E+00  8.9371963679288058E+00  9.2990705030079877E+00  1.1849003126377118E+00  1.4484620600116231E+00  1.9529880899500667E+00
    224    188      1     0.9429     0.6387     0.5044  8.1731159986647401E+02  8.3307621337282023E-01  1.1034413827289450E+01  8.1308558218878380E-01  3.7280060126552512E+00  5.0768618451311358E+00  5.2824279884147360E+00  1.2260351463233896E+00  1.7029703866206780E+00  3.1513877236714696E+00
    116    169      9     0.5138     0.7684     0.5496  8.7130049985292169E+02  1.2819426140891308E+00  1.0637295548366190E+00  8.4638733190038884E-01  5.5427539585389196E+00  9.0258330916284280E+00  9.3912961976113003E+00  1.1302967546524325E+00  1.4849747386483736E+00  2.5715449427439525E+00
     23    177      1     0.9751     0.0836     0.5019  9.2216309984015413E+02  8.3673567866827991E-01  7.6040398875138759E+00  9.9549113058187311E-01  2.1334330976584686E+00  2.8804814654346478E+00  2.9971144335381954E+00  2.5757316006346862E+00  2.1230800474733624E+00  2.8484107846943512E+00
    115    203      7     0.3842     0.6845     0.5709  9.4679559983397087E+02  1.4839938681283167E+00  1.4476313762185631E+00  8.9854042309915649E-01  3.8037804226648460E+00  6.8492697518636039E+00  7.1266020902548703E+00  1.2027585030245722E+00  1.4927581502679825E+00  2.2049796195117595E+00
    180     69      1     0.9703     0.8370     0.5023  9.6232759983007202E+02  8.2877867714223385E-01  1.0881818882429616E+01  7.3675447871629551E-01  9.2886904785874211E+00  1.2557154893915747E+01  1.3065604006950528E+01  1.0999334921713557E+00  1.7993254433344168E+00  4.3004906411796204E+00
    144    130      7     0.9394     0.9699     0.5047  9.9548369982174916E+02  9.8093397882136690E-01  1.7710346764955427E+00  7.1898651394058111E-01  9.6002716853938409E+01  1.3086189862782859E+02  1.3616060019275119E+02  1.0802540357578838E+00  2.6271508132092838E+00  1.2016335152185230E+01
    125    101      7     0.8333     0.7980     0.5136  9.9651339982149068E+02  8.6183322728774936E-01  1.4411762218562330E+00  7.7208908861425085E-01  6.9549687313255903E+00  9.7866917336451245E+00  1.0182962606590053E+01  1.1141341459683480E+00  1.6844088383462563E+00  3.5660391554400737E+00
     98    114      9     0.3193     0.6405     0.5844  1.0024907998199902E+03  2.2025382910788616E+00  1.1012077435974952E+00  9.2447139941657630E-01  3.2321380208595700E+00  6.2325330411447730E+00  6.4848932233278775E+00  1.2634527090539920E+00  1.5208678834919844E+00  2.0840047100269103E+00
     68     10      5     0.9437     0.6319     0.5043  1.0237559998146522E+03  8.5751787652948974E-01  3.4804388107934203E+00  8.1583009886281754E-01  3.6577472856391227E+00  4.9799906491891397E+00  5.1816344012884761E+00  1.2330332672809936E+00  1.7013880184941428E+00  3.1286596244877809E+00
     97      6      4     0.1411     0.5868     0.6422  1.0251230998143092E+03  2.3758955564970474E+00  1.1124690862683544E+00  9.7591243470883804E-01  2.8888393081136239E+00  7.7936518171861131E+00  8.1092229308043908E+00  1.4120436573410711E+00  1.2220098254104490E+00  1.6394982232742483E+00
     23     69      3     0.6858     0.5951     0.5281  1.0270997998138130E+03  9.9526102056831645E-01  3.9353381755602901E+00  8.6811025844307155E-01  3.1555697895441490E+00  4.6936235024276582E+00  4.8836720227246282E+00  1.2814736572796102E+00  1.6409659161498866E+00  2.6544898804617034E+00
    209    162      4     0.6345     0.3009     0.5339  1.0388825998108553E+03  1.2204530795059825E+00  1.1680377727395732E+00  9.6918974201151786E-01  2.0859107951080764E+00  3.1760617526754027E+00  3.3046629999112671E+00  1.8876940340169777E+00  1.9184684850801037E+00  2.5738955671980919E+00
    196     96      4     0.5525     0.5319     0.5442  1.0491832998082696E+03  1.1392435183202623E+00  1.1606043001158881E+00  9.1063550523808789E-01  2.6864013271399991E+00  4.2719890094650248E+00  4.4449652163452358E+00  1.3857644414268773E+00  1.6778241104896765E+00  2.4414728036023616E+00
    151     86      6     1.0000     0.8310     0.5000  1.0529454998073252E+03  8.3190653295489159E-01  2.3918568901291710E+00  7.3349515063107729E-01  8.8978908897587328E+00  1.1937773331525971E+01  1.2421143196220845E+01  1.1018392313057299E+00  1.8079823478655432E+00  4.3201383063952337E+00
     63     97      1     0.9495     0.7499     0.5039  1.0824878997999094E+03  8.4832657881445983E-01  1.0424113528362545E+01  7.6822289040309644E-01  5.4923459749665939E+00  7.4660279245992260E+00  7.7683332882126575E+00  1.1382007197438024E+00  1.7198436524487197E+00  3.5817280239897547E+00
